Base path: '/home/jacopo/Unity/2019.3.0a4/Editor/Data', plugins path '/home/jacopo/Unity/2019.3.0a4/Editor/Data/PlaybackEngines'
Cmd: initializeCompiler
Cmd: compileComputeKernel
  error: 2 plat 15 at ComputeShader.compute(43): undeclared identifier 'fract'
  api=15 insize=2542 outsize=0 ok=0
Cmd: compileComputeKernel
  error: 1 plat 15 at (0): Program 'Reaction_Diffusion', warning X4714: sum of temp registers and indexable temp registers times 1000 threads exceeds the recommended total 16384.  Performance may be reduced
  api=15 insize=2541 outsize=5904 ok=1
Cmd: compileComputeKernel
  error: 2 plat 15 at ComputeShader.compute(78): l-value specifies const object
  error: 2 plat 15 at ComputeShader.compute(78): syntax error: unexpected float constant
  api=15 insize=2495 outsize=0 ok=0
Cmd: compileComputeKernel
  error: 2 plat 18 at ComputeShader.compute(78): l-value specifies const object
  error: 2 plat 18 at ComputeShader.compute(78): syntax error: unexpected float constant
  api=18 insize=2727 outsize=0 ok=0
Cmd: compileComputeKernel
  error: 2 plat 15 at ComputeShader.compute(78): l-value specifies const object
  error: 2 plat 15 at ComputeShader.compute(78): syntax error: unexpected float constant
  api=15 insize=2727 outsize=0 ok=0
Cmd: compileComputeKernel
  error: 2 plat 15 at ComputeShader.compute(78): l-value specifies const object
  error: 2 plat 15 at ComputeShader.compute(78): syntax error: unexpected float constant
  api=15 insize=2385 outsize=0 ok=0
Cmd: compileComputeKernel
  error: 2 plat 15 at ComputeShader.compute(78): l-value specifies const object
  error: 2 plat 15 at ComputeShader.compute(78): syntax error: unexpected float constant
  api=15 insize=2729 outsize=0 ok=0
Cmd: compileComputeKernel
  error: 1 plat 15 at (0): Program 'Reaction_Diffusion', warning X4714: sum of temp registers and indexable temp registers times 1000 threads exceeds the recommended total 16384.  Performance may be reduced
  api=15 insize=2805 outsize=6277 ok=1
Cmd: compileSnippet
  error: 2 plat 15 at (106): incorrect number of arguments to numeric-type constructor\nCompiling Vertex program
Platform defines: UNITY_ENABLE_REFLECTION_BUFFERS UNITY_USE_DITHER_MASK_FOR_ALPHABLENDED_SHADOWS UNITY_PBS_USE_BRDF1 UNITY_SPECCUBE_BOX_PROJECTION UNITY_SPECCUBE_BLENDING UNITY_ENABLE_DETAIL_NORMALMAP SHADER_API_DESKTOP UNITY_COLORSPACE_GAMMA UNITY_LIGHT_PROBE_PROXY_VOLUME UNITY_LIGHTMAP_FULL_HDR
  api=15 type=0 insize=3331 outsize=0 kw= pd=UNITY_ENABLE_REFLECTION_BUFFERS UNITY_USE_DITHER_MASK_FOR_ALPHABLENDED_SHADOWS UNITY_PBS_USE_BRDF1 UNITY_SPECCUBE_BOX_PROJECTION UNITY_SPECCUBE_BLENDING UNITY_ENABLE_DETAIL_NORMALMAP SHADER_API_DESKTOP UNITY_COLORSPACE_GAMMA UNITY_LIGHT_PROBE_PROXY_VOLUME UNITY_LIGHTMAP_FULL_HDR ok=0
Cmd: compileSnippet
  api=15 type=1 insize=3334 outsize=0 kw= pd=UNITY_ENABLE_REFLECTION_BUFFERS UNITY_USE_DITHER_MASK_FOR_ALPHABLENDED_SHADOWS UNITY_PBS_USE_BRDF1 UNITY_SPECCUBE_BOX_PROJECTION UNITY_SPECCUBE_BLENDING UNITY_ENABLE_DETAIL_NORMALMAP SHADER_API_DESKTOP UNITY_COLORSPACE_GAMMA UNITY_LIGHT_PROBE_PROXY_VOLUME UNITY_LIGHTMAP_FULL_HDR ok=1
