Base path: '/home/jacopo/Unity/2019.3.0a4/Editor/Data', plugins path '/home/jacopo/Unity/2019.3.0a4/Editor/Data/PlaybackEngines'
Cmd: initializeCompiler
Cmd: initializeCompiler
Cmd: compileComputeKernel
  error: 2 plat 18 at ComputeShader.compute(64): infinite loop detected - loop never exits
  error: 2 plat 18 at ComputeShader.compute(67): literal loop terminated early due to out of bounds array access
  api=18 insize=2268 outsize=0 ok=0
Cmd: compileComputeKernel
  error: 2 plat 18 at ComputeShader.compute(64): infinite loop detected - loop never exits
  error: 2 plat 18 at ComputeShader.compute(67): literal loop terminated early due to out of bounds array access
  api=18 insize=2265 outsize=0 ok=0
Cmd: compileComputeKernel
  error: 1 plat 15 at (0): Program 'Reaction_Diffusion', warning X4714: sum of temp registers and indexable temp registers times 1000 threads exceeds the recommended total 16384.  Performance may be reduced
  api=15 insize=2263 outsize=5887 ok=1
Cmd: compileComputeKernel
  error: 1 plat 18 at (0): Program 'Reaction_Diffusion', warning X4714: sum of temp registers and indexable temp registers times 1000 threads exceeds the recommended total 16384.  Performance may be reduced
  api=18 insize=2262 outsize=9946 ok=1
Cmd: compileComputeKernel
  error: 1 plat 15 at (0): Program 'Reaction_Diffusion', warning X4714: sum of temp registers and indexable temp registers times 1000 threads exceeds the recommended total 16384.  Performance may be reduced
  api=15 insize=2261 outsize=5656 ok=1
Cmd: compileComputeKernel
  error: 2 plat 18 at ComputeShader.compute(57): syntax error: unexpected token '/'
  api=18 insize=2269 outsize=0 ok=0
Cmd: compileComputeKernel
  error: 1 plat 15 at (0): Program 'Reaction_Diffusion', warning X4714: sum of temp registers and indexable temp registers times 1000 threads exceeds the recommended total 16384.  Performance may be reduced
  api=15 insize=2269 outsize=5980 ok=1
Cmd: compileComputeKernel
  error: 1 plat 15 at (0): Program 'Reaction_Diffusion', warning X4714: sum of temp registers and indexable temp registers times 1000 threads exceeds the recommended total 16384.  Performance may be reduced
  api=15 insize=2270 outsize=5974 ok=1
Cmd: compileComputeKernel
  error: 1 plat 15 at (0): Program 'Reaction_Diffusion', warning X4714: sum of temp registers and indexable temp registers times 1000 threads exceeds the recommended total 16384.  Performance may be reduced
  api=15 insize=2173 outsize=5886 ok=1
Cmd: compileComputeKernel
  error: 1 plat 15 at (0): Program 'Reaction_Diffusion', warning X4714: sum of temp registers and indexable temp registers times 1000 threads exceeds the recommended total 16384.  Performance may be reduced
  api=15 insize=2177 outsize=5960 ok=1
Cmd: compileComputeKernel
  api=18 insize=2181 outsize=3746 ok=1
Cmd: compileComputeKernel
  api=15 insize=2181 outsize=2435 ok=1
Cmd: compileComputeKernel
  error: 1 plat 15 at (0): Program 'Reaction_Diffusion', warning X4714: sum of temp registers and indexable temp registers times 1000 threads exceeds the recommended total 16384.  Performance may be reduced
  api=15 insize=2177 outsize=5960 ok=1
Cmd: compileComputeKernel
  error: 2 plat 18 at ComputeShader.compute(86): invalid subscript 'vu'
  api=18 insize=2177 outsize=0 ok=0
Cmd: compileComputeKernel
  error: 1 plat 18 at (0): Program 'Reaction_Diffusion', warning X4714: sum of temp registers and indexable temp registers times 1000 threads exceeds the recommended total 16384.  Performance may be reduced
  api=18 insize=2177 outsize=9866 ok=1
Cmd: compileComputeKernel
  error: 1 plat 18 at (0): Program 'Reaction_Diffusion', warning X4714: sum of temp registers and indexable temp registers times 1000 threads exceeds the recommended total 16384.  Performance may be reduced
  api=18 insize=2155 outsize=9678 ok=1
Cmd: compileComputeKernel
  error: 1 plat 18 at (0): Program 'Reaction_Diffusion', warning X4714: sum of temp registers and indexable temp registers times 1000 threads exceeds the recommended total 16384.  Performance may be reduced
  api=18 insize=2155 outsize=9694 ok=1
Cmd: compileComputeKernel
  error: 1 plat 15 at (0): Program 'Reaction_Diffusion', warning X4714: sum of temp registers and indexable temp registers times 1000 threads exceeds the recommended total 16384.  Performance may be reduced
  api=15 insize=2155 outsize=5886 ok=1
Cmd: compileComputeKernel
  error: 2 plat 18 at ComputeShader.compute(75): undeclared identifier '_Time'
  api=18 insize=2183 outsize=0 ok=0
Cmd: compileComputeKernel
  error: 2 plat 18 at ComputeShader.compute(75): incorrect number of arguments to numeric-type constructor
  error: 2 plat 18 at ComputeShader.compute(75): undeclared identifier '_Time'
  api=18 insize=2181 outsize=0 ok=0
Cmd: compileComputeKernel
  error: 1 plat 18 at (0): Program 'Reaction_Diffusion', warning X4714: sum of temp registers and indexable temp registers times 1000 threads exceeds the recommended total 16384.  Performance may be reduced
  api=18 insize=2158 outsize=9678 ok=1
Cmd: compileComputeKernel
  error: 1 plat 15 at (0): Program 'Reaction_Diffusion', warning X4714: sum of temp registers and indexable temp registers times 1000 threads exceeds the recommended total 16384.  Performance may be reduced
  api=15 insize=2158 outsize=5878 ok=1
Cmd: compileComputeKernel
  error: 1 plat 18 at (0): Program 'Reaction_Diffusion', warning X4714: sum of temp registers and indexable temp registers times 1000 threads exceeds the recommended total 16384.  Performance may be reduced
  api=18 insize=2164 outsize=9762 ok=1
Cmd: compileComputeKernel
  error: 1 plat 18 at (0): Program 'Reaction_Diffusion', warning X4714: sum of temp registers and indexable temp registers times 1000 threads exceeds the recommended total 16384.  Performance may be reduced
  api=18 insize=2237 outsize=10262 ok=1
Cmd: compileComputeKernel
  error: 1 plat 18 at (0): Program 'Reaction_Diffusion', warning X4714: sum of temp registers and indexable temp registers times 1000 threads exceeds the recommended total 16384.  Performance may be reduced
  api=18 insize=2237 outsize=10278 ok=1
Cmd: compileComputeKernel
  error: 1 plat 15 at (0): Program 'Reaction_Diffusion', warning X4714: sum of temp registers and indexable temp registers times 1000 threads exceeds the recommended total 16384.  Performance may be reduced
  api=15 insize=2237 outsize=6045 ok=1
Cmd: compileComputeKernel
  error: 1 plat 15 at (0): Program 'Reaction_Diffusion', warning X4714: sum of temp registers and indexable temp registers times 1000 threads exceeds the recommended total 16384.  Performance may be reduced
  api=15 insize=2239 outsize=6047 ok=1
