Base path: '/home/jacopo/Unity/2019.3.0a4/Editor/Data', plugins path '/home/jacopo/Unity/2019.3.0a4/Editor/Data/PlaybackEngines'
Cmd: initializeCompiler
Cmd: compileComputeKernel
  api=18 insize=559 outsize=1513 ok=1
Cmd: compileComputeKernel
  api=18 insize=615 outsize=1513 ok=1
Cmd: compileComputeKernel
  api=18 insize=624 outsize=1493 ok=1
Cmd: compileComputeKernel
  api=18 insize=629 outsize=1493 ok=1
Cmd: compileComputeKernel
  api=15 insize=628 outsize=1407 ok=1
Cmd: compileComputeKernel
  api=18 insize=614 outsize=1665 ok=1
Cmd: compileComputeKernel
  api=18 insize=658 outsize=1665 ok=1
Cmd: compileComputeKernel
  api=18 insize=657 outsize=1525 ok=1
Cmd: compileComputeKernel
  api=18 insize=670 outsize=1285 ok=1
Cmd: compileComputeKernel
  api=18 insize=658 outsize=1525 ok=1
Cmd: compileComputeKernel
  api=15 insize=569 outsize=1175 ok=1
Cmd: compileComputeKernel
  api=18 insize=570 outsize=1157 ok=1
Cmd: compileComputeKernel
  api=15 insize=622 outsize=1407 ok=1
Cmd: compileComputeKernel
  api=18 insize=630 outsize=1577 ok=1
Cmd: compileComputeKernel
  api=15 insize=630 outsize=1437 ok=1
Cmd: compileComputeKernel
  error: 2 plat 18 at GrayScott.compute(14): redefinition of 'int'
  api=18 insize=556 outsize=0 ok=0
Cmd: compileComputeKernel
  api=15 insize=558 outsize=1437 ok=1
Cmd: compileComputeKernel
  api=15 insize=665 outsize=1588 ok=1
Cmd: compileComputeKernel
  api=18 insize=654 outsize=1993 ok=1
Cmd: compileComputeKernel
  api=15 insize=654 outsize=1588 ok=1
Cmd: compileComputeKernel
  api=18 insize=632 outsize=1977 ok=1
Cmd: compileComputeKernel
  api=18 insize=673 outsize=1977 ok=1
Cmd: compileComputeKernel
  api=15 insize=673 outsize=1588 ok=1
Cmd: compileComputeKernel
  api=15 insize=726 outsize=1588 ok=1
Cmd: compileComputeKernel
  error: 2 plat 15 at GrayScott.compute(31): syntax error: unexpected token 'dataBuffer'
  api=15 insize=819 outsize=0 ok=0
Cmd: compileComputeKernel
  api=18 insize=1157 outsize=2789 ok=1
Cmd: compileComputeKernel
  api=15 insize=1130 outsize=2609 ok=1
Cmd: compileComputeKernel
  api=18 insize=1130 outsize=3949 ok=1
Cmd: compileSnippet
  api=15 type=0 insize=1596 outsize=18076 kw=UNITY_PASS_FORWARDBASE DIRECTIONAL SHADOWS_SCREEN LIGHTPROBE_SH pd=UNITY_ENABLE_REFLECTION_BUFFERS UNITY_USE_DITHER_MASK_FOR_ALPHABLENDED_SHADOWS UNITY_PBS_USE_BRDF1 UNITY_SPECCUBE_BOX_PROJECTION UNITY_SPECCUBE_BLENDING UNITY_ENABLE_DETAIL_NORMALMAP SHADER_API_DESKTOP UNITY_COLORSPACE_GAMMA UNITY_LIGHT_PROBE_PROXY_VOLUME UNITY_LIGHTMAP_FULL_HDR ok=1

Quitting shader compiler process
