Base path: '/home/jacopo/Unity/2019.3.0a4/Editor/Data', plugins path '/home/jacopo/Unity/2019.3.0a4/Editor/Data/PlaybackEngines'
Cmd: initializeCompiler
Cmd: compileComputeKernel
  api=15 insize=559 outsize=1394 ok=1
Cmd: compileComputeKernel
  api=15 insize=615 outsize=1395 ok=1
Cmd: compileComputeKernel
  api=15 insize=624 outsize=1380 ok=1
Cmd: compileComputeKernel
  api=18 insize=628 outsize=1665 ok=1
Cmd: compileComputeKernel
  api=15 insize=614 outsize=1420 ok=1
Cmd: compileComputeKernel
  api=15 insize=657 outsize=1346 ok=1
Cmd: compileComputeKernel
  api=15 insize=658 outsize=1346 ok=1
Cmd: compileComputeKernel
  api=15 insize=630 outsize=1437 ok=1
Cmd: compileComputeKernel
  api=18 insize=630 outsize=1593 ok=1
Cmd: compileComputeKernel
  error: 2 plat 15 at GrayScott.compute(14): redefinition of 'int'
  api=15 insize=556 outsize=0 ok=0
Cmd: compileComputeKernel
  api=18 insize=558 outsize=1593 ok=1
Cmd: compileComputeKernel
  api=18 insize=665 outsize=1993 ok=1
Cmd: compileComputeKernel
  api=18 insize=654 outsize=1977 ok=1
Cmd: compileComputeKernel
  api=15 insize=620 outsize=1588 ok=1
Cmd: compileComputeKernel
  api=15 insize=640 outsize=1588 ok=1
Cmd: compileComputeKernel
  api=15 insize=673 outsize=1588 ok=1
Cmd: compileComputeKernel
  error: 2 plat 15 at GrayScott.compute(31): syntax error: unexpected token '}'
  api=15 insize=800 outsize=0 ok=0
Cmd: compileComputeKernel
  error: 2 plat 15 at GrayScott.compute(31): syntax error: unexpected token 'dataBuffer'
  api=15 insize=820 outsize=0 ok=0
Cmd: compileComputeKernel
  api=15 insize=820 outsize=1972 ok=1
Cmd: compileComputeKernel
  error: 2 plat 18 at GrayScott.compute(27): syntax error: unexpected token '['
  api=18 insize=1157 outsize=0 ok=0
Cmd: compileComputeKernel
  error: 2 plat 15 at GrayScott.compute(27): syntax error: unexpected token '['
  api=15 insize=1155 outsize=0 ok=0
Cmd: compileComputeKernel
  error: 2 plat 15 at GrayScott.compute(27): syntax error: unexpected token '['
  api=15 insize=1136 outsize=0 ok=0
Cmd: compileComputeKernel
  api=18 insize=1136 outsize=2789 ok=1
Cmd: compileComputeKernel
  api=15 insize=1157 outsize=1972 ok=1
Cmd: compileSnippet
  api=15 type=0 insize=1895 outsize=2306 kw= pd=UNITY_ENABLE_REFLECTION_BUFFERS UNITY_USE_DITHER_MASK_FOR_ALPHABLENDED_SHADOWS UNITY_PBS_USE_BRDF1 UNITY_SPECCUBE_BOX_PROJECTION UNITY_SPECCUBE_BLENDING UNITY_ENABLE_DETAIL_NORMALMAP SHADER_API_DESKTOP UNITY_COLORSPACE_GAMMA UNITY_LIGHT_PROBE_PROXY_VOLUME UNITY_LIGHTMAP_FULL_HDR ok=1
Cmd: compileSnippet
  api=15 type=1 insize=11846 outsize=0 kw=SHADOWS_SPLIT_SPHERES pd=UNITY_ENABLE_REFLECTION_BUFFERS UNITY_USE_DITHER_MASK_FOR_ALPHABLENDED_SHADOWS UNITY_PBS_USE_BRDF1 UNITY_SPECCUBE_BOX_PROJECTION UNITY_SPECCUBE_BLENDING UNITY_ENABLE_DETAIL_NORMALMAP SHADER_API_DESKTOP UNITY_COLORSPACE_GAMMA UNITY_LIGHT_PROBE_PROXY_VOLUME UNITY_LIGHTMAP_FULL_HDR ok=1
Cmd: compileSnippet
  api=15 type=1 insize=1596 outsize=0 kw=UNITY_PASS_FORWARDBASE DIRECTIONAL SHADOWS_SCREEN LIGHTPROBE_SH pd=UNITY_ENABLE_REFLECTION_BUFFERS UNITY_USE_DITHER_MASK_FOR_ALPHABLENDED_SHADOWS UNITY_PBS_USE_BRDF1 UNITY_SPECCUBE_BOX_PROJECTION UNITY_SPECCUBE_BLENDING UNITY_ENABLE_DETAIL_NORMALMAP SHADER_API_DESKTOP UNITY_COLORSPACE_GAMMA UNITY_LIGHT_PROBE_PROXY_VOLUME UNITY_LIGHTMAP_FULL_HDR ok=1
