Base path: '/home/jacopo/Unity/2019.3.0a4/Editor/Data', plugins path '/home/jacopo/Unity/2019.3.0a4/Editor/Data/PlaybackEngines'
Cmd: initializeCompiler
Cmd: compileComputeKernel
  api=15 insize=629 outsize=1380 ok=1
Cmd: compileComputeKernel
  api=15 insize=658 outsize=1420 ok=1
Cmd: compileComputeKernel
  api=15 insize=670 outsize=1306 ok=1
Cmd: compileComputeKernel
  api=15 insize=658 outsize=1346 ok=1
Cmd: compileComputeKernel
  api=18 insize=658 outsize=1525 ok=1
Cmd: compileComputeKernel
  api=18 insize=569 outsize=1017 ok=1
Cmd: compileComputeKernel
  api=15 insize=570 outsize=1249 ok=1
Cmd: compileComputeKernel
  api=18 insize=622 outsize=1529 ok=1
Cmd: compileComputeKernel
  api=15 insize=654 outsize=1588 ok=1
Cmd: compileComputeKernel
  api=18 insize=620 outsize=1977 ok=1
Cmd: compileComputeKernel
  api=15 insize=632 outsize=1588 ok=1
Cmd: compileComputeKernel
  api=18 insize=640 outsize=1977 ok=1
Cmd: compileComputeKernel
  api=18 insize=673 outsize=1993 ok=1
Cmd: compileComputeKernel
  api=18 insize=726 outsize=1993 ok=1
Cmd: compileComputeKernel
  error: 2 plat 18 at GrayScott.compute(31): syntax error: unexpected token '}'
  api=18 insize=800 outsize=0 ok=0
Cmd: compileComputeKernel
  error: 2 plat 18 at GrayScott.compute(31): syntax error: unexpected token 'dataBuffer'
  api=18 insize=820 outsize=0 ok=0
Cmd: compileComputeKernel
  error: 2 plat 18 at GrayScott.compute(31): syntax error: unexpected token 'dataBuffer'
  api=18 insize=819 outsize=0 ok=0
Cmd: compileComputeKernel
  api=18 insize=820 outsize=2789 ok=1
Cmd: compileComputeKernel
  error: 2 plat 15 at GrayScott.compute(27): syntax error: unexpected token '['
  api=15 insize=1157 outsize=0 ok=0
Cmd: compileComputeKernel
  error: 2 plat 18 at GrayScott.compute(27): syntax error: unexpected token '['
  api=18 insize=1155 outsize=0 ok=0
Cmd: compileComputeKernel
  error: 2 plat 18 at GrayScott.compute(27): syntax error: unexpected token '['
  api=18 insize=1136 outsize=0 ok=0
Cmd: compileComputeKernel
  api=15 insize=1136 outsize=1972 ok=1
Cmd: compileComputeKernel
  api=18 insize=1130 outsize=4025 ok=1
Cmd: compileComputeKernel
  api=15 insize=1130 outsize=2571 ok=1
Cmd: compileSnippet
  api=15 type=1 insize=1895 outsize=0 kw= pd=UNITY_ENABLE_REFLECTION_BUFFERS UNITY_USE_DITHER_MASK_FOR_ALPHABLENDED_SHADOWS UNITY_PBS_USE_BRDF1 UNITY_SPECCUBE_BOX_PROJECTION UNITY_SPECCUBE_BLENDING UNITY_ENABLE_DETAIL_NORMALMAP SHADER_API_DESKTOP UNITY_COLORSPACE_GAMMA UNITY_LIGHT_PROBE_PROXY_VOLUME UNITY_LIGHTMAP_FULL_HDR ok=1
Cmd: compileSnippet
  api=15 type=0 insize=11846 outsize=13320 kw=SHADOWS_SPLIT_SPHERES pd=UNITY_ENABLE_REFLECTION_BUFFERS UNITY_USE_DITHER_MASK_FOR_ALPHABLENDED_SHADOWS UNITY_PBS_USE_BRDF1 UNITY_SPECCUBE_BOX_PROJECTION UNITY_SPECCUBE_BLENDING UNITY_ENABLE_DETAIL_NORMALMAP SHADER_API_DESKTOP UNITY_COLORSPACE_GAMMA UNITY_LIGHT_PROBE_PROXY_VOLUME UNITY_LIGHTMAP_FULL_HDR ok=1

Quitting shader compiler process
